<?xml version="1.0" encoding="UTF-8"?>
<!-- Generated by org.testng.reporters.JUnitReportReporter -->
<testsuite hostname="abdulraheemPC" failures="0" tests="6" name="MyPackage.MyTestCases" time="0.162" errors="0" timestamp="2025-01-09T21:26:29 GMT+03:00" skipped="0">
  <testcase classname="MyPackage.MyTestCases" name="CheckTheDefaultLanguageIsEnglish" time="0.021"/>
  <system-out/>
  <testcase classname="MyPackage.MyTestCases" name="CheckTheDefaultCurrency" time="0.025"/>
  <system-out/>
  <testcase classname="MyPackage.MyTestCases" name="CheckTheMobileNumber" time="0.033"/>
  <system-out/>
  <testcase classname="MyPackage.MyTestCases" name="CheckQitafLogo" time="0.041"/>
  <system-out/>
  <testcase classname="MyPackage.MyTestCases" name="CheckHotelTabIsNotSelected" time="0.028"/>
  <system-out/>
  <testcase classname="MyPackage.MyTestCases" name="CheckDepatureDate" time="0.014"/>
  <system-out/>
</testsuite> <!-- MyPackage.MyTestCases -->
